
VERITAS Analysis Summary (University of Delaware & DESY)  (version v.4.87)
==========================================================================

sequentiell analysis

Reading anasum parameters from /lustre/fs23/group/veritas/users/batista//VERITAS/BlazarVariability/ANASUM.runparameter.1ES1218 :

* TIMEMASKFILE variabilityStudy_ANASUM.timemask.dat
* REGIONTOEXCLUDE 0. 0. 0.45
* ENERGYSPECTRALINDEX 3.13
* WRITEEVENTTREE 2
Warning: unknown line in parameter file /lustre/fs23/group/veritas/users/batista//VERITAS/BlazarVariability/ANASUM.runparameter.1ES1218: 
* WRITEEVENTTREE 2
* SKYMAPBINSIZE 0.01
* SKYMAPBINSIZEUC 0.05
* SKYMAPSIZEX -2. 2.
* SKYMAPSIZEY -2. 2.
* BRIGHTSTARCATALOGUE Hipparcos_MAG8_1997.dat
* BRIGHTSTARBRIGHTNESS 7.0
* BRIGHTSTAREXCLUDEFROMBACKGROUNDRADIUS 0.25
* REGIONTOEXCLUDE_RADECJ2000_HOUR 05 37 38.686 +21 08 33.18 0.25
Rotation angle of circular exclusion region is 0
* REGIONTOEXCLUDE_RADECJ2000_HOUR 12 17 48.5 +30 06 06 0.3
Rotation angle of circular exclusion region is 0
* REGIONTOEXCLUDE_RADECJ2000_HOUR 12 21 31.69 +28 13 58.5 0.3
Rotation angle of circular exclusion region is 0
* ENERGYBINSIZE 0.05
* ENERGYEFFECTIVEAREAS REC
* DEADTIMECALCULATIONMETHOD 0
* RATEINTERVALLLENGTH 4.
========================================================
        end reading run parameters                      
========================================================

Reading long run list from (S0, TA0): /lustre/fs23/group/veritas/users/batista/VERITAS/LOGS/220309/ANASUM.ANADATA/95127/qsub_analyse_fileList_ANASUM_95127_20220309_PID14237
========================================
========================================
Random seed for stereo maps: 17

File with list of runs  (long version): /lustre/fs23/group/veritas/users/batista/VERITAS/LOGS/220309/ANASUM.ANADATA/95127/qsub_analyse_fileList_ANASUM_95127_20220309_PID14237 (file format version 6, 1 runs found in list)
	 reading run parameter from mscw file (may take a second...)
Run 95127:	 pointing from mscw file is  (ra,dec (J2000)) = (185.341, 30.1769)

-----------------------------------------------------------------------(3)
Chaining run 0 of 1 runs with source data: /lustre/fs23/group/veritas/users/batista/VERITAS/analysis/Results/v486/95127.mscw.root
	 azimuth range: [85.5741,92.0875]
	 mean pedestal variations in run 95127: 5.59939
-----------------------------------------------------------------------(4)
Chaining run 0 of 1 runs with background data: /lustre/fs23/group/veritas/users/batista/VERITAS/analysis/Results/v486/95127.mscw.root
	 azimuth range: [85.5741,92.0875]
	 mean pedestal variations in run 95127: 5.59939
-----------------------------------------------------------------------(5)

-----------------------------------------------------------------------
Checking data trees (ON runs)
	 Run 	| Start (MJD : secs)	| End (MJD : secs)	| Duration (secs [mins])
	 95127	| 58849 : 40510.48	| 58849 : 42310.77	| 1800.29 [30.00]

-----------------------------------------------------------------------
Defining targets and exclusion regions
Run 95127 ---------------------------
	Target: 1ES1218+304 (ra,dec)=(185.591, 30.0661) (precessed, MJD=58849.5), (ra,dec (J2000)) = (185.341, 30.1769)
	Wobble offsets (currE): N: 0.5 W: -0,  RA 0, Dec 0.5
	Wobble offsets (J2000): N: 0.5 W: -0.000107013
	Sky maps centred at (ra,dec (J2000)) (185.341, 30.1769)
	Telescopes pointing to: (ra,dec (J2000)) (185.341, 30.6769), N: 0.5 W: -0.000107013
	1D-histograms calculated at (x,y): 0, -0
	Wobble offsets (currE): N: 0.5 W: -0,  RA 0, Dec 0.5
	reading star catalogue: /lustre/fs23/group/veritas/Eventdisplay_AnalysisFiles/v487/AstroData/Catalogues/Hipparcos_MAG8_1997.dat
	bright stars (magnitude brighter than 7, exclusion radius 0.25 deg, B-band) in field of view (J2000): 
		 ID 	 RA 	 Dec 	 magnitude 
		59923	184.377	28.9372	5.87 (B band)    HIP59923
		60018	184.632	30.249	6.54 (B band)    HIP60018
		60123	184.961	28.4644	6.823 (B band)    HIP60123
		60742	186.734	28.2684	5.478 (B band)    HIP60742

-----------------------------------------------------------------------
Checking data trees (OFF runs)
	 Run 	| Start (MJD : secs)	| End (MJD : secs)	| Duration (secs [mins])
	 95127	| 58849 : 40510.48	| 58849 : 42310.77	| 1800.29 [30.00]


---------------------------------------
Stereo analysis for run: 95127	95127  (run 1 out of 1), eventdisplay version v.4.87
	 Object: 1ES1218+304
	 Wobble: (N0.5, W-0), sky maps centred at (ra,dec) (185.341, 30.1769), target shift: (N0, W-0) (RA/DEC)_J2000 [0, 0]
	 region excluded from background estimation: 
	       1:region to exclude: (N -0, W -0, R1 0.45, R2 0.45, theta 0, ID -1 )
	       2:region to exclude: (N 35.4249, W -80.9599, R1 0.25, R2 0.25, theta 0, ID -1 )
	       3:region to exclude: (N -0.0722774, W -0.769241, R1 0.3, R2 0.3, theta 0, ID -1 )
	       4:region to exclude: (N -1.94402, W 0.0359483, R1 0.3, R2 0.3, theta 0, ID -1 )
	       5:region to exclude: (N -1.23623, W -0.84357, R1 0.25, R2 0.25, theta 0, ID 59923 (HIP59923) )
	       6:region to exclude: (N 0.0740137, W -0.612889, R1 0.25, R2 0.25, theta 0, ID 60018 (HIP60018) )
	       7:region to exclude: (N -1.71204, W -0.334387, R1 0.25, R2 0.25, theta 0, ID 60123 (HIP60123) )
	       8:region to exclude: (N -1.90116, W 1.22726, R1 0.25, R2 0.25, theta 0, ID 60742 (HIP60742) )
	 number of telescopes: 4
	 time intervall for rate plots: 240 s (4 min)
	 effective areas from effArea-v487-auxv01-CARE_June2020-Cut-NTel2-PointSource-Soft-TMVA-BDT-GEO-V6_2019_2020w-ATM61-T1234.root
	 sky plot binning [deg] 0.01	0.05
	 sky plot size [deg]: -2 < X < 2, -2 < Y < 2
	 energy spectra parameters (binsize, log10): 0.05 (use effective area A_REC), Method 1
	 dead time calculation method: scalar method
	 background model: REFLECTED REGIONS BACKGROUND MODEL
	 theta2 cut: 0.008 deg2
	 distance to source region: 0.1
	 minimum number of off source regions: 2
	 maximum number of off source regions: 6
	 acceptance file (for theta2 plots): radialAcceptance-v487-auxv01-CARE_June2020-Cut-NTel2-Soft-TMVA-BDT-GEO-V6-T1234.root
	 maximum distance to camera center: 2 deg
	 NBoxsmooth: 0


------------------------------------------------------------------------
Filling ON histograms for run 95127 -----------------------------
	 time-mask initialised for run 95127 for 1801 seconds starting at 40510.5 secs on MJD 58849
	 setting time-mask from file /lustre/fs23/group/veritas/users/batista//VERITAS/BlazarVariability/variabilityStudy_ANASUM.timemask.dat
	 -> default mask is open for entire duration of run.
	 reading analysis cuts from /lustre/fs23/group/veritas/Eventdisplay_AnalysisFiles/v487//GammaHadronCutFiles/ANASUM.GammaHadron-Cut-NTel2-PointSource-Soft-TMVA-BDT.dat
VGammaHadronCuts::readCuts: skipping TMVAPARAMETER due to epoch mismatch: required: V6, is: V4
VGammaHadronCuts::readCuts: skipping TMVAPARAMETER due to epoch mismatch: required: V6, is: V5
========================================
VTMVAEvaluator::initializeWeightFiles: reading energy and zenith bins from TMVA root files (nbinE: 4, nbinZ: 4)
VTMVAEvaluator::getValueFromMap (MVA_CUT): E [-1.1, -0.5], bin 0: Zen [0, 25], bin 0:	 0	0.62
VTMVAEvaluator::getValueFromMap (MVA_CUT): E [-1.1, -0.5], bin 0: Zen [25, 32.5], bin 1:	 1	0.67
VTMVAEvaluator::getValueFromMap (MVA_CUT): E [-1.1, -0.5], bin 0: Zen [32.5, 42.5], bin 2:	 2	0.6
VTMVAEvaluator::getValueFromMap (MVA_CUT): E [-1.1, -0.5], bin 0: Zen [42.5, 75], bin 3:	 3	0.67
VTMVAEvaluator::getValueFromMap (MVA_CUT): E [-0.5, -0.3], bin 1: Zen [0, 25], bin 0:	 10	0.56
VTMVAEvaluator::getValueFromMap (MVA_CUT): E [-0.5, -0.3], bin 1: Zen [25, 32.5], bin 1:	 11	0.65
VTMVAEvaluator::getValueFromMap (MVA_CUT): E [-0.5, -0.3], bin 1: Zen [32.5, 42.5], bin 2:	 12	0.71
VTMVAEvaluator::getValueFromMap (MVA_CUT): E [-0.5, -0.3], bin 1: Zen [42.5, 75], bin 3:	 13	0.55
VTMVAEvaluator::getValueFromMap (MVA_CUT): E [-0.3, 0], bin 2: Zen [0, 25], bin 0:	 20	0.3
VTMVAEvaluator::getValueFromMap (MVA_CUT): E [-0.3, 0], bin 2: Zen [25, 32.5], bin 1:	 21	0.65
VTMVAEvaluator::getValueFromMap (MVA_CUT): E [-0.3, 0], bin 2: Zen [32.5, 42.5], bin 2:	 22	0.44
VTMVAEvaluator::getValueFromMap (MVA_CUT): E [-0.3, 0], bin 2: Zen [42.5, 75], bin 3:	 23	0.63
VTMVAEvaluator::getValueFromMap (MVA_CUT): E [0, 1.7], bin 3: Zen [0, 25], bin 0:	 30	0.44
VTMVAEvaluator::getValueFromMap (MVA_CUT): E [0, 1.7], bin 3: Zen [25, 32.5], bin 1:	 31	0.34
VTMVAEvaluator::getValueFromMap (MVA_CUT): E [0, 1.7], bin 3: Zen [32.5, 42.5], bin 2:	 32	0.46
VTMVAEvaluator::getValueFromMap (MVA_CUT): E [0, 1.7], bin 3: Zen [42.5, 75], bin 3:	 33	0.49
	 file /lustre/fs23/group/veritas/Eventdisplay_AnalysisFiles/v487//GammaHadron_BDTs/V6/BDT_0_0.root
	 energy bin [-1.1,-0.5] (mean energy -0.8), zenith bin [0,25]
	 file /lustre/fs23/group/veritas/Eventdisplay_AnalysisFiles/v487//GammaHadron_BDTs/V6/BDT_0_1.root
	 energy bin [-1.1,-0.5] (mean energy -0.8), zenith bin [25,32.5]
	 file /lustre/fs23/group/veritas/Eventdisplay_AnalysisFiles/v487//GammaHadron_BDTs/V6/BDT_0_2.root
	 energy bin [-1.1,-0.5] (mean energy -0.8), zenith bin [32.5,42.5]
	 file /lustre/fs23/group/veritas/Eventdisplay_AnalysisFiles/v487//GammaHadron_BDTs/V6/BDT_0_3.root
	 energy bin [-1.1,-0.5] (mean energy -0.8), zenith bin [42.5,75]
	 file /lustre/fs23/group/veritas/Eventdisplay_AnalysisFiles/v487//GammaHadron_BDTs/V6/BDT_1_0.root
	 energy bin [-0.5,-0.3] (mean energy -0.4), zenith bin [0,25]
	 file /lustre/fs23/group/veritas/Eventdisplay_AnalysisFiles/v487//GammaHadron_BDTs/V6/BDT_1_1.root
	 energy bin [-0.5,-0.3] (mean energy -0.4), zenith bin [25,32.5]
	 file /lustre/fs23/group/veritas/Eventdisplay_AnalysisFiles/v487//GammaHadron_BDTs/V6/BDT_1_2.root
	 energy bin [-0.5,-0.3] (mean energy -0.4), zenith bin [32.5,42.5]
	 file /lustre/fs23/group/veritas/Eventdisplay_AnalysisFiles/v487//GammaHadron_BDTs/V6/BDT_1_3.root
	 energy bin [-0.5,-0.3] (mean energy -0.4), zenith bin [42.5,75]
	 file /lustre/fs23/group/veritas/Eventdisplay_AnalysisFiles/v487//GammaHadron_BDTs/V6/BDT_2_0.root
	 energy bin [-0.3,0] (mean energy -0.15), zenith bin [0,25]
	 file /lustre/fs23/group/veritas/Eventdisplay_AnalysisFiles/v487//GammaHadron_BDTs/V6/BDT_2_1.root
	 energy bin [-0.3,0] (mean energy -0.15), zenith bin [25,32.5]
	 file /lustre/fs23/group/veritas/Eventdisplay_AnalysisFiles/v487//GammaHadron_BDTs/V6/BDT_2_2.root
	 energy bin [-0.3,0] (mean energy -0.15), zenith bin [32.5,42.5]
	 file /lustre/fs23/group/veritas/Eventdisplay_AnalysisFiles/v487//GammaHadron_BDTs/V6/BDT_2_3.root
	 energy bin [-0.3,0] (mean energy -0.15), zenith bin [42.5,75]
	 file /lustre/fs23/group/veritas/Eventdisplay_AnalysisFiles/v487//GammaHadron_BDTs/V6/BDT_3_0.root
	 energy bin [0,1.7] (mean energy 0.85), zenith bin [0,25]
	 file /lustre/fs23/group/veritas/Eventdisplay_AnalysisFiles/v487//GammaHadron_BDTs/V6/BDT_3_1.root
	 energy bin [0,1.7] (mean energy 0.85), zenith bin [25,32.5]
	 file /lustre/fs23/group/veritas/Eventdisplay_AnalysisFiles/v487//GammaHadron_BDTs/V6/BDT_3_2.root
	 energy bin [0,1.7] (mean energy 0.85), zenith bin [32.5,42.5]
	 file /lustre/fs23/group/veritas/Eventdisplay_AnalysisFiles/v487//GammaHadron_BDTs/V6/BDT_3_3.root
	 energy bin [0,1.7] (mean energy 0.85), zenith bin [42.5,75]
--- Reader                   : Booking "0_0" of type "BDT" from /lustre/fs23/group/veritas/Eventdisplay_AnalysisFiles/v487//GammaHadron_BDTs/V6/BDT_0_0_BDT_0.weights.xml.
--- MethodBase               : Reading weight file: /lustre/fs23/group/veritas/Eventdisplay_AnalysisFiles/v487//GammaHadron_BDTs/V6/BDT_0_0_BDT_0.weights.xml
--- BDT_0                    : Read method "BDT_0" of type "BDT"
--- BDT_0                    : MVA method was trained with TMVA Version: 4.2.0
--- BDT_0                    : MVA method was trained with ROOT Version: 5.34/14
--- DataSetInfo              : Added class "Signal"	 with internal class number 0
--- DataSetInfo              : Added class "Background"	 with internal class number 1
--- Reader                   : Booked classifier "BDT_0" of type: "BDT"
--- Reader                   : Booking "0_1" of type "BDT" from /lustre/fs23/group/veritas/Eventdisplay_AnalysisFiles/v487//GammaHadron_BDTs/V6/BDT_0_1_BDT_0.weights.xml.
--- MethodBase               : Reading weight file: /lustre/fs23/group/veritas/Eventdisplay_AnalysisFiles/v487//GammaHadron_BDTs/V6/BDT_0_1_BDT_0.weights.xml
--- BDT_0                    : Read method "BDT_0" of type "BDT"
--- BDT_0                    : MVA method was trained with TMVA Version: 4.2.0
--- BDT_0                    : MVA method was trained with ROOT Version: 5.34/14
--- DataSetInfo              : Added class "Signal"	 with internal class number 0
--- DataSetInfo              : Added class "Background"	 with internal class number 1
--- Reader                   : Booked classifier "BDT_0" of type: "BDT"
--- Reader                   : Booking "0_2" of type "BDT" from /lustre/fs23/group/veritas/Eventdisplay_AnalysisFiles/v487//GammaHadron_BDTs/V6/BDT_0_2_BDT_0.weights.xml.
--- MethodBase               : Reading weight file: /lustre/fs23/group/veritas/Eventdisplay_AnalysisFiles/v487//GammaHadron_BDTs/V6/BDT_0_2_BDT_0.weights.xml
--- BDT_0                    : Read method "BDT_0" of type "BDT"
--- BDT_0                    : MVA method was trained with TMVA Version: 4.2.0
--- BDT_0                    : MVA method was trained with ROOT Version: 5.34/14
--- DataSetInfo              : Added class "Signal"	 with internal class number 0
--- DataSetInfo              : Added class "Background"	 with internal class number 1
--- Reader                   : Booked classifier "BDT_0" of type: "BDT"
--- Reader                   : Booking "0_3" of type "BDT" from /lustre/fs23/group/veritas/Eventdisplay_AnalysisFiles/v487//GammaHadron_BDTs/V6/BDT_0_3_BDT_0.weights.xml.
--- MethodBase               : Reading weight file: /lustre/fs23/group/veritas/Eventdisplay_AnalysisFiles/v487//GammaHadron_BDTs/V6/BDT_0_3_BDT_0.weights.xml
--- BDT_0                    : Read method "BDT_0" of type "BDT"
--- BDT_0                    : MVA method was trained with TMVA Version: 4.2.0
--- BDT_0                    : MVA method was trained with ROOT Version: 5.34/14
--- DataSetInfo              : Added class "Signal"	 with internal class number 0
--- DataSetInfo              : Added class "Background"	 with internal class number 1
--- Reader                   : Booked classifier "BDT_0" of type: "BDT"
--- Reader                   : Booking "1_0" of type "BDT" from /lustre/fs23/group/veritas/Eventdisplay_AnalysisFiles/v487//GammaHadron_BDTs/V6/BDT_1_0_BDT_0.weights.xml.
--- MethodBase               : Reading weight file: /lustre/fs23/group/veritas/Eventdisplay_AnalysisFiles/v487//GammaHadron_BDTs/V6/BDT_1_0_BDT_0.weights.xml
--- BDT_0                    : Read method "BDT_0" of type "BDT"
--- BDT_0                    : MVA method was trained with TMVA Version: 4.2.0
--- BDT_0                    : MVA method was trained with ROOT Version: 5.34/14
--- DataSetInfo              : Added class "Signal"	 with internal class number 0
--- DataSetInfo              : Added class "Background"	 with internal class number 1
--- Reader                   : Booked classifier "BDT_0" of type: "BDT"
--- Reader                   : Booking "1_1" of type "BDT" from /lustre/fs23/group/veritas/Eventdisplay_AnalysisFiles/v487//GammaHadron_BDTs/V6/BDT_1_1_BDT_0.weights.xml.
--- MethodBase               : Reading weight file: /lustre/fs23/group/veritas/Eventdisplay_AnalysisFiles/v487//GammaHadron_BDTs/V6/BDT_1_1_BDT_0.weights.xml
--- BDT_0                    : Read method "BDT_0" of type "BDT"
--- BDT_0                    : MVA method was trained with TMVA Version: 4.2.0
--- BDT_0                    : MVA method was trained with ROOT Version: 5.34/14
--- DataSetInfo              : Added class "Signal"	 with internal class number 0
--- DataSetInfo              : Added class "Background"	 with internal class number 1
--- Reader                   : Booked classifier "BDT_0" of type: "BDT"
--- Reader                   : Booking "1_2" of type "BDT" from /lustre/fs23/group/veritas/Eventdisplay_AnalysisFiles/v487//GammaHadron_BDTs/V6/BDT_1_2_BDT_0.weights.xml.
--- MethodBase               : Reading weight file: /lustre/fs23/group/veritas/Eventdisplay_AnalysisFiles/v487//GammaHadron_BDTs/V6/BDT_1_2_BDT_0.weights.xml
--- BDT_0                    : Read method "BDT_0" of type "BDT"
--- BDT_0                    : MVA method was trained with TMVA Version: 4.2.0
--- BDT_0                    : MVA method was trained with ROOT Version: 5.34/14
--- DataSetInfo              : Added class "Signal"	 with internal class number 0
--- DataSetInfo              : Added class "Background"	 with internal class number 1
--- Reader                   : Booked classifier "BDT_0" of type: "BDT"
--- Reader                   : Booking "1_3" of type "BDT" from /lustre/fs23/group/veritas/Eventdisplay_AnalysisFiles/v487//GammaHadron_BDTs/V6/BDT_1_3_BDT_0.weights.xml.
--- MethodBase               : Reading weight file: /lustre/fs23/group/veritas/Eventdisplay_AnalysisFiles/v487//GammaHadron_BDTs/V6/BDT_1_3_BDT_0.weights.xml
--- BDT_0                    : Read method "BDT_0" of type "BDT"
--- BDT_0                    : MVA method was trained with TMVA Version: 4.2.0
--- BDT_0                    : MVA method was trained with ROOT Version: 5.34/14
--- DataSetInfo              : Added class "Signal"	 with internal class number 0
--- DataSetInfo              : Added class "Background"	 with internal class number 1
--- Reader                   : Booked classifier "BDT_0" of type: "BDT"
--- Reader                   : Booking "2_0" of type "BDT" from /lustre/fs23/group/veritas/Eventdisplay_AnalysisFiles/v487//GammaHadron_BDTs/V6/BDT_2_0_BDT_0.weights.xml.
--- MethodBase               : Reading weight file: /lustre/fs23/group/veritas/Eventdisplay_AnalysisFiles/v487//GammaHadron_BDTs/V6/BDT_2_0_BDT_0.weights.xml
--- BDT_0                    : Read method "BDT_0" of type "BDT"
--- BDT_0                    : MVA method was trained with TMVA Version: 4.2.0
--- BDT_0                    : MVA method was trained with ROOT Version: 5.34/14
--- DataSetInfo              : Added class "Signal"	 with internal class number 0
--- DataSetInfo              : Added class "Background"	 with internal class number 1
--- Reader                   : Booked classifier "BDT_0" of type: "BDT"
--- Reader                   : Booking "2_1" of type "BDT" from /lustre/fs23/group/veritas/Eventdisplay_AnalysisFiles/v487//GammaHadron_BDTs/V6/BDT_2_1_BDT_0.weights.xml.
--- MethodBase               : Reading weight file: /lustre/fs23/group/veritas/Eventdisplay_AnalysisFiles/v487//GammaHadron_BDTs/V6/BDT_2_1_BDT_0.weights.xml
--- BDT_0                    : Read method "BDT_0" of type "BDT"
--- BDT_0                    : MVA method was trained with TMVA Version: 4.2.0
--- BDT_0                    : MVA method was trained with ROOT Version: 5.34/14
--- DataSetInfo              : Added class "Signal"	 with internal class number 0
--- DataSetInfo              : Added class "Background"	 with internal class number 1
--- Reader                   : Booked classifier "BDT_0" of type: "BDT"
--- Reader                   : Booking "2_2" of type "BDT" from /lustre/fs23/group/veritas/Eventdisplay_AnalysisFiles/v487//GammaHadron_BDTs/V6/BDT_2_2_BDT_0.weights.xml.
--- MethodBase               : Reading weight file: /lustre/fs23/group/veritas/Eventdisplay_AnalysisFiles/v487//GammaHadron_BDTs/V6/BDT_2_2_BDT_0.weights.xml
--- BDT_0                    : Read method "BDT_0" of type "BDT"
--- BDT_0                    : MVA method was trained with TMVA Version: 4.2.0
--- BDT_0                    : MVA method was trained with ROOT Version: 5.34/14
--- DataSetInfo              : Added class "Signal"	 with internal class number 0
--- DataSetInfo              : Added class "Background"	 with internal class number 1
--- Reader                   : Booked classifier "BDT_0" of type: "BDT"
--- Reader                   : Booking "2_3" of type "BDT" from /lustre/fs23/group/veritas/Eventdisplay_AnalysisFiles/v487//GammaHadron_BDTs/V6/BDT_2_3_BDT_0.weights.xml.
--- MethodBase               : Reading weight file: /lustre/fs23/group/veritas/Eventdisplay_AnalysisFiles/v487//GammaHadron_BDTs/V6/BDT_2_3_BDT_0.weights.xml
--- BDT_0                    : Read method "BDT_0" of type "BDT"
--- BDT_0                    : MVA method was trained with TMVA Version: 4.2.0
--- BDT_0                    : MVA method was trained with ROOT Version: 5.34/14
--- DataSetInfo              : Added class "Signal"	 with internal class number 0
--- DataSetInfo              : Added class "Background"	 with internal class number 1
--- Reader                   : Booked classifier "BDT_0" of type: "BDT"
--- Reader                   : Booking "3_0" of type "BDT" from /lustre/fs23/group/veritas/Eventdisplay_AnalysisFiles/v487//GammaHadron_BDTs/V6/BDT_3_0_BDT_0.weights.xml.
--- MethodBase               : Reading weight file: /lustre/fs23/group/veritas/Eventdisplay_AnalysisFiles/v487//GammaHadron_BDTs/V6/BDT_3_0_BDT_0.weights.xml
--- BDT_0                    : Read method "BDT_0" of type "BDT"
--- BDT_0                    : MVA method was trained with TMVA Version: 4.2.0
--- BDT_0                    : MVA method was trained with ROOT Version: 5.34/14
--- DataSetInfo              : Added class "Signal"	 with internal class number 0
--- DataSetInfo              : Added class "Background"	 with internal class number 1
--- Reader                   : Booked classifier "BDT_0" of type: "BDT"
--- Reader                   : Booking "3_1" of type "BDT" from /lustre/fs23/group/veritas/Eventdisplay_AnalysisFiles/v487//GammaHadron_BDTs/V6/BDT_3_1_BDT_0.weights.xml.
--- MethodBase               : Reading weight file: /lustre/fs23/group/veritas/Eventdisplay_AnalysisFiles/v487//GammaHadron_BDTs/V6/BDT_3_1_BDT_0.weights.xml
--- BDT_0                    : Read method "BDT_0" of type "BDT"
--- BDT_0                    : MVA method was trained with TMVA Version: 4.2.0
--- BDT_0                    : MVA method was trained with ROOT Version: 5.34/14
--- DataSetInfo              : Added class "Signal"	 with internal class number 0
--- DataSetInfo              : Added class "Background"	 with internal class number 1
--- Reader                   : Booked classifier "BDT_0" of type: "BDT"
--- Reader                   : Booking "3_2" of type "BDT" from /lustre/fs23/group/veritas/Eventdisplay_AnalysisFiles/v487//GammaHadron_BDTs/V6/BDT_3_2_BDT_0.weights.xml.
--- MethodBase               : Reading weight file: /lustre/fs23/group/veritas/Eventdisplay_AnalysisFiles/v487//GammaHadron_BDTs/V6/BDT_3_2_BDT_0.weights.xml
--- BDT_0                    : Read method "BDT_0" of type "BDT"
--- BDT_0                    : MVA method was trained with TMVA Version: 4.2.0
--- BDT_0                    : MVA method was trained with ROOT Version: 5.34/14
--- DataSetInfo              : Added class "Signal"	 with internal class number 0
--- DataSetInfo              : Added class "Background"	 with internal class number 1
--- Reader                   : Booked classifier "BDT_0" of type: "BDT"
--- Reader                   : Booking "3_3" of type "BDT" from /lustre/fs23/group/veritas/Eventdisplay_AnalysisFiles/v487//GammaHadron_BDTs/V6/BDT_3_3_BDT_0.weights.xml.
--- MethodBase               : Reading weight file: /lustre/fs23/group/veritas/Eventdisplay_AnalysisFiles/v487//GammaHadron_BDTs/V6/BDT_3_3_BDT_0.weights.xml
--- BDT_0                    : Read method "BDT_0" of type "BDT"
--- BDT_0                    : MVA method was trained with TMVA Version: 4.2.0
--- BDT_0                    : MVA method was trained with ROOT Version: 5.34/14
--- DataSetInfo              : Added class "Signal"	 with internal class number 0
--- DataSetInfo              : Added class "Background"	 with internal class number 1
--- Reader                   : Booked classifier "BDT_0" of type: "BDT"
VTMVAEvaluator: Initialized 16 MVA readers 

======================= VTMVAEvaluator: signal (background) efficiency =======================
E [-1.10,-0.500] TeV, Ze [0.00,25.0] deg (bin 0):	 0.544	(0.0421)	 MVACut: 0.620
E [-1.10,-0.500] TeV, Ze [25.0,32.5] deg (bin 1):	 0.558	(0.0418)	 MVACut: 0.670
E [-1.10,-0.500] TeV, Ze [32.5,42.5] deg (bin 2):	 0.596	(0.0450)	 MVACut: 0.600
E [-1.10,-0.500] TeV, Ze [42.5,75.0] deg (bin 3):	 0.597	(0.0760)	 MVACut: 0.670
E [-0.500,-0.300] TeV, Ze [0.00,25.0] deg (bin 4):	 0.745	(0.121)	 MVACut: 0.560
E [-0.500,-0.300] TeV, Ze [25.0,32.5] deg (bin 5):	 0.697	(0.0761)	 MVACut: 0.650
E [-0.500,-0.300] TeV, Ze [32.5,42.5] deg (bin 6):	 0.662	(0.0470)	 MVACut: 0.710
E [-0.500,-0.300] TeV, Ze [42.5,75.0] deg (bin 7):	 0.663	(0.0694)	 MVACut: 0.550
E [-0.300,0.00] TeV, Ze [0.00,25.0] deg (bin 8):	 0.815	(0.163)	 MVACut: 0.300
E [-0.300,0.00] TeV, Ze [25.0,32.5] deg (bin 9):	 0.766	(0.112)	 MVACut: 0.650
E [-0.300,0.00] TeV, Ze [32.5,42.5] deg (bin 10):	 0.768	(0.0974)	 MVACut: 0.440
E [-0.300,0.00] TeV, Ze [42.5,75.0] deg (bin 11):	 0.771	(0.0786)	 MVACut: 0.630
E [0.00,1.70] TeV, Ze [0.00,25.0] deg (bin 12):	 0.852	(0.147)	 MVACut: 0.440
E [0.00,1.70] TeV, Ze [25.0,32.5] deg (bin 13):	 0.854	(0.118)	 MVACut: 0.340
E [0.00,1.70] TeV, Ze [32.5,42.5] deg (bin 14):	 0.856	(0.126)	 MVACut: 0.460
E [0.00,1.70] TeV, Ze [42.5,75.0] deg (bin 15):	 0.855	(0.129)	 MVACut: 0.490


======================= VTMVAEvaluator: energy dependent optimal containment radius cut =======================
E [-1.10,-0.500] TeV, Ze [0.00,25.0] deg (bin 0):	 -99.0 [deg], T^2: 9.80e+03 [deg^2], -99.0%
E [-1.10,-0.500] TeV, Ze [25.0,32.5] deg (bin 1):	 -99.0 [deg], T^2: 9.80e+03 [deg^2], -99.0%
E [-1.10,-0.500] TeV, Ze [32.5,42.5] deg (bin 2):	 -99.0 [deg], T^2: 9.80e+03 [deg^2], -99.0%
E [-1.10,-0.500] TeV, Ze [42.5,75.0] deg (bin 3):	 -99.0 [deg], T^2: 9.80e+03 [deg^2], -99.0%
E [-0.500,-0.300] TeV, Ze [0.00,25.0] deg (bin 4):	 -99.0 [deg], T^2: 9.80e+03 [deg^2], -99.0%
E [-0.500,-0.300] TeV, Ze [25.0,32.5] deg (bin 5):	 -99.0 [deg], T^2: 9.80e+03 [deg^2], -99.0%
E [-0.500,-0.300] TeV, Ze [32.5,42.5] deg (bin 6):	 -99.0 [deg], T^2: 9.80e+03 [deg^2], -99.0%
E [-0.500,-0.300] TeV, Ze [42.5,75.0] deg (bin 7):	 -99.0 [deg], T^2: 9.80e+03 [deg^2], -99.0%
E [-0.300,0.00] TeV, Ze [0.00,25.0] deg (bin 8):	 -99.0 [deg], T^2: 9.80e+03 [deg^2], -99.0%
E [-0.300,0.00] TeV, Ze [25.0,32.5] deg (bin 9):	 -99.0 [deg], T^2: 9.80e+03 [deg^2], -99.0%
E [-0.300,0.00] TeV, Ze [32.5,42.5] deg (bin 10):	 -99.0 [deg], T^2: 9.80e+03 [deg^2], -99.0%
E [-0.300,0.00] TeV, Ze [42.5,75.0] deg (bin 11):	 -99.0 [deg], T^2: 9.80e+03 [deg^2], -99.0%
E [0.00,1.70] TeV, Ze [0.00,25.0] deg (bin 12):	 -99.0 [deg], T^2: 9.80e+03 [deg^2], -99.0%
E [0.00,1.70] TeV, Ze [25.0,32.5] deg (bin 13):	 -99.0 [deg], T^2: 9.80e+03 [deg^2], -99.0%
E [0.00,1.70] TeV, Ze [32.5,42.5] deg (bin 14):	 -99.0 [deg], T^2: 9.80e+03 [deg^2], -99.0%
E [0.00,1.70] TeV, Ze [42.5,75.0] deg (bin 15):	 -99.0 [deg], T^2: 9.80e+03 [deg^2], -99.0%

VGammaHadronCuts::initTMVAEvaluator: found theta2_max graph from TMVA
-----------------------------------------------------------------------------------------
VGammaHadronCuts::printCutSummary() (ntel=4: T1234) 
Gamma/hadron cut selector: 42
Instrument epoch selected: V6
Direction cuts (cut selector 0)
Theta2 cut: Theta^2 [deg^2] < 0.008
Direction cut scale factor 1, minimum : 0 [deg] , maximum : 1e+10 [deg]
average core distance < 350 m (max distance to telescopes (mintel) 1e+10 m)
TMVA gamma/hadron separation with MVA method BDT
weight files: /lustre/fs23/group/veritas/Eventdisplay_AnalysisFiles/v487//GammaHadron_BDTs/V6/BDT (0,3) (0,3)

Fiducial area (camera) < 2 deg,  stereo reconstruction: 0 <= sChi2 <= 1e+30
Energy reconstruction: 0 <= EChi2 <= 1e+05, -99 < dE < 1e+12, 0 < Erec < 1e+10
SizeSecondMax: 200 < SizeSecondMax < 1e+30, 0 < Emission height < 1e+10
NImage cut: 0 <= Ntel <= 100000
Tel-combinations: 0: 0, 1: 0, 2: 0, 3: 1, 4: 0, 5: 1, 6: 0, 7: 1, 8: 0, 9: 0, 10: 1, 11: 1, 12: 1, 13: 1, 14: 1, 15: 1
Energy dependent cut variable TMVABoxCut_Theta2_max: 
[0,>0] 
-----------------------------------------------------------------------------------------
	 reading dead time histograms from file /lustre/fs23/group/veritas/users/batista/VERITAS/analysis/Results/v486/95127.mscw.root:/deadTimeHistograms

	 total number of acceptance curves: 1 (found in /lustre/fs23/group/veritas/Eventdisplay_AnalysisFiles/v487//RadialAcceptances//radialAcceptance-v487-auxv01-CARE_June2020-Cut-NTel2-Soft-TMVA-BDT-GEO-V6-T1234.root, calculated from 57 files)
	 reading effective areas from /lustre/fs23/group/veritas/Eventdisplay_AnalysisFiles/v487//EffectiveAreas/effArea-v487-auxv01-CARE_June2020-Cut-NTel2-PointSource-Soft-TMVA-BDT-GEO-V6_2019_2020w-ATM61-T1234.root
	 selecting effective areas for mean az 88.8 deg, spectral index 3.13, noise level 5.6
		total number of curves: 302940, total number of bins on energy axis: 60
		 number of az bin: 16
	 use histograms for effective areas (number of zenith angle intervals: 9; 0, 20, 30, 35, 40, 45, 50, 55, 60)
	 (effective area vs reconstructed energy)
	 number of entries for this run: 286441
	 filling ON events... (correlated maps)
	 total number of acceptance curves: 1 (found in /lustre/fs23/group/veritas/Eventdisplay_AnalysisFiles/v487//RadialAcceptances//radialAcceptance-v487-auxv01-CARE_June2020-Cut-NTel2-Soft-TMVA-BDT-GEO-V6-T1234.root, calculated from 57 files)
	 filling ON events... (uncorrelated maps)
	 total number of acceptance curves: 1 (found in /lustre/fs23/group/veritas/Eventdisplay_AnalysisFiles/v487//RadialAcceptances//radialAcceptance-v487-auxv01-CARE_June2020-Cut-NTel2-Soft-TMVA-BDT-GEO-V6-T1234.root, calculated from 57 files)
	 Tdiff: dead time [ms] 0.278, fraction of missing events: 12% (0, 6.86e+05)
	 Scalar: dead time (fraction of missing events): 13.3% (Chi2 = 6.95e+03)

	 Time mask for run: 95127
	 Run (1801 secs) | Interval (100 secs)	|     0 |     1 |     2 |     3 |     4 |     5 |     6 |     7 |     8 |     9 |    10 |    11 |    12 |    13 |    14 |    15 |    16 |    17 |    18 (1 sec)
	          286440 | Total Events		| 15902 | 15571 | 15765 | 15635 | 15420 | 15773 | 15705 | 16033 | 15766 | 15803 | 15952 | 15958 | 16072 | 15852 | 16447 | 16366 | 16361 | 16001 |    58

	 Mean times from time mask for run (start on MJD):	 95127	 (4.05e+04 secs on 58849)
	 Mean of run:			  900.5	 (41411)
	 Mean of events:		906.605	 (41417.1)

------------------------------------------------------------------------
Filling OFF histograms for run 95127 -----------------------------
	 time-mask initialised for run 95127 for 1801 seconds starting at 4.05e+04 secs on MJD 58849
	 setting time-mask from file /lustre/fs23/group/veritas/users/batista//VERITAS/BlazarVariability/variabilityStudy_ANASUM.timemask.dat
	 -> default mask is open for entire duration of run.
	 reading analysis cuts from /lustre/fs23/group/veritas/Eventdisplay_AnalysisFiles/v487//GammaHadronCutFiles/ANASUM.GammaHadron-Cut-NTel2-PointSource-Soft-TMVA-BDT.dat
VGammaHadronCuts::readCuts: skipping TMVAPARAMETER due to epoch mismatch: required: V6, is: V4
VGammaHadronCuts::readCuts: skipping TMVAPARAMETER due to epoch mismatch: required: V6, is: V5
========================================
VTMVAEvaluator::initializeWeightFiles: reading energy and zenith bins from TMVA root files (nbinE: 4, nbinZ: 4)
VTMVAEvaluator::getValueFromMap (MVA_CUT): E [-1.1, -0.5], bin 0: Zen [0, 25], bin 0:	 0	0.62
VTMVAEvaluator::getValueFromMap (MVA_CUT): E [-1.1, -0.5], bin 0: Zen [25, 32.5], bin 1:	 1	0.67
VTMVAEvaluator::getValueFromMap (MVA_CUT): E [-1.1, -0.5], bin 0: Zen [32.5, 42.5], bin 2:	 2	0.6
VTMVAEvaluator::getValueFromMap (MVA_CUT): E [-1.1, -0.5], bin 0: Zen [42.5, 75], bin 3:	 3	0.67
VTMVAEvaluator::getValueFromMap (MVA_CUT): E [-0.5, -0.3], bin 1: Zen [0, 25], bin 0:	 10	0.56
VTMVAEvaluator::getValueFromMap (MVA_CUT): E [-0.5, -0.3], bin 1: Zen [25, 32.5], bin 1:	 11	0.65
VTMVAEvaluator::getValueFromMap (MVA_CUT): E [-0.5, -0.3], bin 1: Zen [32.5, 42.5], bin 2:	 12	0.71
VTMVAEvaluator::getValueFromMap (MVA_CUT): E [-0.5, -0.3], bin 1: Zen [42.5, 75], bin 3:	 13	0.55
VTMVAEvaluator::getValueFromMap (MVA_CUT): E [-0.3, 0], bin 2: Zen [0, 25], bin 0:	 20	0.3
VTMVAEvaluator::getValueFromMap (MVA_CUT): E [-0.3, 0], bin 2: Zen [25, 32.5], bin 1:	 21	0.65
VTMVAEvaluator::getValueFromMap (MVA_CUT): E [-0.3, 0], bin 2: Zen [32.5, 42.5], bin 2:	 22	0.44
VTMVAEvaluator::getValueFromMap (MVA_CUT): E [-0.3, 0], bin 2: Zen [42.5, 75], bin 3:	 23	0.63
VTMVAEvaluator::getValueFromMap (MVA_CUT): E [0, 1.7], bin 3: Zen [0, 25], bin 0:	 30	0.44
VTMVAEvaluator::getValueFromMap (MVA_CUT): E [0, 1.7], bin 3: Zen [25, 32.5], bin 1:	 31	0.34
VTMVAEvaluator::getValueFromMap (MVA_CUT): E [0, 1.7], bin 3: Zen [32.5, 42.5], bin 2:	 32	0.46
VTMVAEvaluator::getValueFromMap (MVA_CUT): E [0, 1.7], bin 3: Zen [42.5, 75], bin 3:	 33	0.49
	 file /lustre/fs23/group/veritas/Eventdisplay_AnalysisFiles/v487//GammaHadron_BDTs/V6/BDT_0_0.root
	 energy bin [-1.1,-0.5] (mean energy -0.8), zenith bin [0,25]
	 file /lustre/fs23/group/veritas/Eventdisplay_AnalysisFiles/v487//GammaHadron_BDTs/V6/BDT_0_1.root
	 energy bin [-1.1,-0.5] (mean energy -0.8), zenith bin [25,32.5]
	 file /lustre/fs23/group/veritas/Eventdisplay_AnalysisFiles/v487//GammaHadron_BDTs/V6/BDT_0_2.root
	 energy bin [-1.1,-0.5] (mean energy -0.8), zenith bin [32.5,42.5]
	 file /lustre/fs23/group/veritas/Eventdisplay_AnalysisFiles/v487//GammaHadron_BDTs/V6/BDT_0_3.root
	 energy bin [-1.1,-0.5] (mean energy -0.8), zenith bin [42.5,75]
	 file /lustre/fs23/group/veritas/Eventdisplay_AnalysisFiles/v487//GammaHadron_BDTs/V6/BDT_1_0.root
	 energy bin [-0.5,-0.3] (mean energy -0.4), zenith bin [0,25]
	 file /lustre/fs23/group/veritas/Eventdisplay_AnalysisFiles/v487//GammaHadron_BDTs/V6/BDT_1_1.root
	 energy bin [-0.5,-0.3] (mean energy -0.4), zenith bin [25,32.5]
	 file /lustre/fs23/group/veritas/Eventdisplay_AnalysisFiles/v487//GammaHadron_BDTs/V6/BDT_1_2.root
	 energy bin [-0.5,-0.3] (mean energy -0.4), zenith bin [32.5,42.5]
	 file /lustre/fs23/group/veritas/Eventdisplay_AnalysisFiles/v487//GammaHadron_BDTs/V6/BDT_1_3.root
	 energy bin [-0.5,-0.3] (mean energy -0.4), zenith bin [42.5,75]
	 file /lustre/fs23/group/veritas/Eventdisplay_AnalysisFiles/v487//GammaHadron_BDTs/V6/BDT_2_0.root
	 energy bin [-0.3,0] (mean energy -0.15), zenith bin [0,25]
	 file /lustre/fs23/group/veritas/Eventdisplay_AnalysisFiles/v487//GammaHadron_BDTs/V6/BDT_2_1.root
	 energy bin [-0.3,0] (mean energy -0.15), zenith bin [25,32.5]
	 file /lustre/fs23/group/veritas/Eventdisplay_AnalysisFiles/v487//GammaHadron_BDTs/V6/BDT_2_2.root
	 energy bin [-0.3,0] (mean energy -0.15), zenith bin [32.5,42.5]
	 file /lustre/fs23/group/veritas/Eventdisplay_AnalysisFiles/v487//GammaHadron_BDTs/V6/BDT_2_3.root
	 energy bin [-0.3,0] (mean energy -0.15), zenith bin [42.5,75]
	 file /lustre/fs23/group/veritas/Eventdisplay_AnalysisFiles/v487//GammaHadron_BDTs/V6/BDT_3_0.root
	 energy bin [0,1.7] (mean energy 0.85), zenith bin [0,25]
	 file /lustre/fs23/group/veritas/Eventdisplay_AnalysisFiles/v487//GammaHadron_BDTs/V6/BDT_3_1.root
	 energy bin [0,1.7] (mean energy 0.85), zenith bin [25,32.5]
	 file /lustre/fs23/group/veritas/Eventdisplay_AnalysisFiles/v487//GammaHadron_BDTs/V6/BDT_3_2.root
	 energy bin [0,1.7] (mean energy 0.85), zenith bin [32.5,42.5]
	 file /lustre/fs23/group/veritas/Eventdisplay_AnalysisFiles/v487//GammaHadron_BDTs/V6/BDT_3_3.root
	 energy bin [0,1.7] (mean energy 0.85), zenith bin [42.5,75]
--- Reader                   : Booking "0_0" of type "BDT" from /lustre/fs23/group/veritas/Eventdisplay_AnalysisFiles/v487//GammaHadron_BDTs/V6/BDT_0_0_BDT_0.weights.xml.
--- MethodBase               : Reading weight file: /lustre/fs23/group/veritas/Eventdisplay_AnalysisFiles/v487//GammaHadron_BDTs/V6/BDT_0_0_BDT_0.weights.xml
--- BDT_0                    : Read method "BDT_0" of type "BDT"
--- BDT_0                    : MVA method was trained with TMVA Version: 4.2.0
--- BDT_0                    : MVA method was trained with ROOT Version: 5.34/14
--- DataSetInfo              : Added class "Signal"	 with internal class number 0
--- DataSetInfo              : Added class "Background"	 with internal class number 1
--- Reader                   : Booked classifier "BDT_0" of type: "BDT"
--- Reader                   : Booking "0_1" of type "BDT" from /lustre/fs23/group/veritas/Eventdisplay_AnalysisFiles/v487//GammaHadron_BDTs/V6/BDT_0_1_BDT_0.weights.xml.
--- MethodBase               : Reading weight file: /lustre/fs23/group/veritas/Eventdisplay_AnalysisFiles/v487//GammaHadron_BDTs/V6/BDT_0_1_BDT_0.weights.xml
--- BDT_0                    : Read method "BDT_0" of type "BDT"
--- BDT_0                    : MVA method was trained with TMVA Version: 4.2.0
--- BDT_0                    : MVA method was trained with ROOT Version: 5.34/14
--- DataSetInfo              : Added class "Signal"	 with internal class number 0
--- DataSetInfo              : Added class "Background"	 with internal class number 1
--- Reader                   : Booked classifier "BDT_0" of type: "BDT"
--- Reader                   : Booking "0_2" of type "BDT" from /lustre/fs23/group/veritas/Eventdisplay_AnalysisFiles/v487//GammaHadron_BDTs/V6/BDT_0_2_BDT_0.weights.xml.
--- MethodBase               : Reading weight file: /lustre/fs23/group/veritas/Eventdisplay_AnalysisFiles/v487//GammaHadron_BDTs/V6/BDT_0_2_BDT_0.weights.xml
--- BDT_0                    : Read method "BDT_0" of type "BDT"
--- BDT_0                    : MVA method was trained with TMVA Version: 4.2.0
--- BDT_0                    : MVA method was trained with ROOT Version: 5.34/14
--- DataSetInfo              : Added class "Signal"	 with internal class number 0
--- DataSetInfo              : Added class "Background"	 with internal class number 1
--- Reader                   : Booked classifier "BDT_0" of type: "BDT"
--- Reader                   : Booking "0_3" of type "BDT" from /lustre/fs23/group/veritas/Eventdisplay_AnalysisFiles/v487//GammaHadron_BDTs/V6/BDT_0_3_BDT_0.weights.xml.
--- MethodBase               : Reading weight file: /lustre/fs23/group/veritas/Eventdisplay_AnalysisFiles/v487//GammaHadron_BDTs/V6/BDT_0_3_BDT_0.weights.xml
--- BDT_0                    : Read method "BDT_0" of type "BDT"
--- BDT_0                    : MVA method was trained with TMVA Version: 4.2.0
--- BDT_0                    : MVA method was trained with ROOT Version: 5.34/14
--- DataSetInfo              : Added class "Signal"	 with internal class number 0
--- DataSetInfo              : Added class "Background"	 with internal class number 1
--- Reader                   : Booked classifier "BDT_0" of type: "BDT"
--- Reader                   : Booking "1_0" of type "BDT" from /lustre/fs23/group/veritas/Eventdisplay_AnalysisFiles/v487//GammaHadron_BDTs/V6/BDT_1_0_BDT_0.weights.xml.
--- MethodBase               : Reading weight file: /lustre/fs23/group/veritas/Eventdisplay_AnalysisFiles/v487//GammaHadron_BDTs/V6/BDT_1_0_BDT_0.weights.xml
--- BDT_0                    : Read method "BDT_0" of type "BDT"
--- BDT_0                    : MVA method was trained with TMVA Version: 4.2.0
--- BDT_0                    : MVA method was trained with ROOT Version: 5.34/14
--- DataSetInfo              : Added class "Signal"	 with internal class number 0
--- DataSetInfo              : Added class "Background"	 with internal class number 1
--- Reader                   : Booked classifier "BDT_0" of type: "BDT"
--- Reader                   : Booking "1_1" of type "BDT" from /lustre/fs23/group/veritas/Eventdisplay_AnalysisFiles/v487//GammaHadron_BDTs/V6/BDT_1_1_BDT_0.weights.xml.
--- MethodBase               : Reading weight file: /lustre/fs23/group/veritas/Eventdisplay_AnalysisFiles/v487//GammaHadron_BDTs/V6/BDT_1_1_BDT_0.weights.xml
--- BDT_0                    : Read method "BDT_0" of type "BDT"
--- BDT_0                    : MVA method was trained with TMVA Version: 4.2.0
--- BDT_0                    : MVA method was trained with ROOT Version: 5.34/14
--- DataSetInfo              : Added class "Signal"	 with internal class number 0
--- DataSetInfo              : Added class "Background"	 with internal class number 1
--- Reader                   : Booked classifier "BDT_0" of type: "BDT"
--- Reader                   : Booking "1_2" of type "BDT" from /lustre/fs23/group/veritas/Eventdisplay_AnalysisFiles/v487//GammaHadron_BDTs/V6/BDT_1_2_BDT_0.weights.xml.
--- MethodBase               : Reading weight file: /lustre/fs23/group/veritas/Eventdisplay_AnalysisFiles/v487//GammaHadron_BDTs/V6/BDT_1_2_BDT_0.weights.xml
--- BDT_0                    : Read method "BDT_0" of type "BDT"
--- BDT_0                    : MVA method was trained with TMVA Version: 4.2.0
--- BDT_0                    : MVA method was trained with ROOT Version: 5.34/14
--- DataSetInfo              : Added class "Signal"	 with internal class number 0
--- DataSetInfo              : Added class "Background"	 with internal class number 1
--- Reader                   : Booked classifier "BDT_0" of type: "BDT"
--- Reader                   : Booking "1_3" of type "BDT" from /lustre/fs23/group/veritas/Eventdisplay_AnalysisFiles/v487//GammaHadron_BDTs/V6/BDT_1_3_BDT_0.weights.xml.
--- MethodBase               : Reading weight file: /lustre/fs23/group/veritas/Eventdisplay_AnalysisFiles/v487//GammaHadron_BDTs/V6/BDT_1_3_BDT_0.weights.xml
--- BDT_0                    : Read method "BDT_0" of type "BDT"
--- BDT_0                    : MVA method was trained with TMVA Version: 4.2.0
--- BDT_0                    : MVA method was trained with ROOT Version: 5.34/14
--- DataSetInfo              : Added class "Signal"	 with internal class number 0
--- DataSetInfo              : Added class "Background"	 with internal class number 1
--- Reader                   : Booked classifier "BDT_0" of type: "BDT"
--- Reader                   : Booking "2_0" of type "BDT" from /lustre/fs23/group/veritas/Eventdisplay_AnalysisFiles/v487//GammaHadron_BDTs/V6/BDT_2_0_BDT_0.weights.xml.
--- MethodBase               : Reading weight file: /lustre/fs23/group/veritas/Eventdisplay_AnalysisFiles/v487//GammaHadron_BDTs/V6/BDT_2_0_BDT_0.weights.xml
--- BDT_0                    : Read method "BDT_0" of type "BDT"
--- BDT_0                    : MVA method was trained with TMVA Version: 4.2.0
--- BDT_0                    : MVA method was trained with ROOT Version: 5.34/14
--- DataSetInfo              : Added class "Signal"	 with internal class number 0
--- DataSetInfo              : Added class "Background"	 with internal class number 1
--- Reader                   : Booked classifier "BDT_0" of type: "BDT"
--- Reader                   : Booking "2_1" of type "BDT" from /lustre/fs23/group/veritas/Eventdisplay_AnalysisFiles/v487//GammaHadron_BDTs/V6/BDT_2_1_BDT_0.weights.xml.
--- MethodBase               : Reading weight file: /lustre/fs23/group/veritas/Eventdisplay_AnalysisFiles/v487//GammaHadron_BDTs/V6/BDT_2_1_BDT_0.weights.xml
--- BDT_0                    : Read method "BDT_0" of type "BDT"
--- BDT_0                    : MVA method was trained with TMVA Version: 4.2.0
--- BDT_0                    : MVA method was trained with ROOT Version: 5.34/14
--- DataSetInfo              : Added class "Signal"	 with internal class number 0
--- DataSetInfo              : Added class "Background"	 with internal class number 1
--- Reader                   : Booked classifier "BDT_0" of type: "BDT"
--- Reader                   : Booking "2_2" of type "BDT" from /lustre/fs23/group/veritas/Eventdisplay_AnalysisFiles/v487//GammaHadron_BDTs/V6/BDT_2_2_BDT_0.weights.xml.
--- MethodBase               : Reading weight file: /lustre/fs23/group/veritas/Eventdisplay_AnalysisFiles/v487//GammaHadron_BDTs/V6/BDT_2_2_BDT_0.weights.xml
--- BDT_0                    : Read method "BDT_0" of type "BDT"
--- BDT_0                    : MVA method was trained with TMVA Version: 4.2.0
--- BDT_0                    : MVA method was trained with ROOT Version: 5.34/14
--- DataSetInfo              : Added class "Signal"	 with internal class number 0
--- DataSetInfo              : Added class "Background"	 with internal class number 1
--- Reader                   : Booked classifier "BDT_0" of type: "BDT"
--- Reader                   : Booking "2_3" of type "BDT" from /lustre/fs23/group/veritas/Eventdisplay_AnalysisFiles/v487//GammaHadron_BDTs/V6/BDT_2_3_BDT_0.weights.xml.
--- MethodBase               : Reading weight file: /lustre/fs23/group/veritas/Eventdisplay_AnalysisFiles/v487//GammaHadron_BDTs/V6/BDT_2_3_BDT_0.weights.xml
--- BDT_0                    : Read method "BDT_0" of type "BDT"
--- BDT_0                    : MVA method was trained with TMVA Version: 4.2.0
--- BDT_0                    : MVA method was trained with ROOT Version: 5.34/14
--- DataSetInfo              : Added class "Signal"	 with internal class number 0
--- DataSetInfo              : Added class "Background"	 with internal class number 1
--- Reader                   : Booked classifier "BDT_0" of type: "BDT"
--- Reader                   : Booking "3_0" of type "BDT" from /lustre/fs23/group/veritas/Eventdisplay_AnalysisFiles/v487//GammaHadron_BDTs/V6/BDT_3_0_BDT_0.weights.xml.
--- MethodBase               : Reading weight file: /lustre/fs23/group/veritas/Eventdisplay_AnalysisFiles/v487//GammaHadron_BDTs/V6/BDT_3_0_BDT_0.weights.xml
--- BDT_0                    : Read method "BDT_0" of type "BDT"
--- BDT_0                    : MVA method was trained with TMVA Version: 4.2.0
--- BDT_0                    : MVA method was trained with ROOT Version: 5.34/14
--- DataSetInfo              : Added class "Signal"	 with internal class number 0
--- DataSetInfo              : Added class "Background"	 with internal class number 1
--- Reader                   : Booked classifier "BDT_0" of type: "BDT"
--- Reader                   : Booking "3_1" of type "BDT" from /lustre/fs23/group/veritas/Eventdisplay_AnalysisFiles/v487//GammaHadron_BDTs/V6/BDT_3_1_BDT_0.weights.xml.
--- MethodBase               : Reading weight file: /lustre/fs23/group/veritas/Eventdisplay_AnalysisFiles/v487//GammaHadron_BDTs/V6/BDT_3_1_BDT_0.weights.xml
--- BDT_0                    : Read method "BDT_0" of type "BDT"
--- BDT_0                    : MVA method was trained with TMVA Version: 4.2.0
--- BDT_0                    : MVA method was trained with ROOT Version: 5.34/14
--- DataSetInfo              : Added class "Signal"	 with internal class number 0
--- DataSetInfo              : Added class "Background"	 with internal class number 1
--- Reader                   : Booked classifier "BDT_0" of type: "BDT"
--- Reader                   : Booking "3_2" of type "BDT" from /lustre/fs23/group/veritas/Eventdisplay_AnalysisFiles/v487//GammaHadron_BDTs/V6/BDT_3_2_BDT_0.weights.xml.
--- MethodBase               : Reading weight file: /lustre/fs23/group/veritas/Eventdisplay_AnalysisFiles/v487//GammaHadron_BDTs/V6/BDT_3_2_BDT_0.weights.xml
--- BDT_0                    : Read method "BDT_0" of type "BDT"
--- BDT_0                    : MVA method was trained with TMVA Version: 4.2.0
--- BDT_0                    : MVA method was trained with ROOT Version: 5.34/14
--- DataSetInfo              : Added class "Signal"	 with internal class number 0
--- DataSetInfo              : Added class "Background"	 with internal class number 1
--- Reader                   : Booked classifier "BDT_0" of type: "BDT"
--- Reader                   : Booking "3_3" of type "BDT" from /lustre/fs23/group/veritas/Eventdisplay_AnalysisFiles/v487//GammaHadron_BDTs/V6/BDT_3_3_BDT_0.weights.xml.
--- MethodBase               : Reading weight file: /lustre/fs23/group/veritas/Eventdisplay_AnalysisFiles/v487//GammaHadron_BDTs/V6/BDT_3_3_BDT_0.weights.xml
--- BDT_0                    : Read method "BDT_0" of type "BDT"
--- BDT_0                    : MVA method was trained with TMVA Version: 4.2.0
--- BDT_0                    : MVA method was trained with ROOT Version: 5.34/14
--- DataSetInfo              : Added class "Signal"	 with internal class number 0
--- DataSetInfo              : Added class "Background"	 with internal class number 1
--- Reader                   : Booked classifier "BDT_0" of type: "BDT"
VTMVAEvaluator: Initialized 16 MVA readers 

======================= VTMVAEvaluator: signal (background) efficiency =======================
E [-1.10,-0.500] TeV, Ze [0.00,25.0] deg (bin 0):	 0.544	(0.0421)	 MVACut: 0.620
E [-1.10,-0.500] TeV, Ze [25.0,32.5] deg (bin 1):	 0.558	(0.0418)	 MVACut: 0.670
E [-1.10,-0.500] TeV, Ze [32.5,42.5] deg (bin 2):	 0.596	(0.0450)	 MVACut: 0.600
E [-1.10,-0.500] TeV, Ze [42.5,75.0] deg (bin 3):	 0.597	(0.0760)	 MVACut: 0.670
E [-0.500,-0.300] TeV, Ze [0.00,25.0] deg (bin 4):	 0.745	(0.121)	 MVACut: 0.560
E [-0.500,-0.300] TeV, Ze [25.0,32.5] deg (bin 5):	 0.697	(0.0761)	 MVACut: 0.650
E [-0.500,-0.300] TeV, Ze [32.5,42.5] deg (bin 6):	 0.662	(0.0470)	 MVACut: 0.710
E [-0.500,-0.300] TeV, Ze [42.5,75.0] deg (bin 7):	 0.663	(0.0694)	 MVACut: 0.550
E [-0.300,0.00] TeV, Ze [0.00,25.0] deg (bin 8):	 0.815	(0.163)	 MVACut: 0.300
E [-0.300,0.00] TeV, Ze [25.0,32.5] deg (bin 9):	 0.766	(0.112)	 MVACut: 0.650
E [-0.300,0.00] TeV, Ze [32.5,42.5] deg (bin 10):	 0.768	(0.0974)	 MVACut: 0.440
E [-0.300,0.00] TeV, Ze [42.5,75.0] deg (bin 11):	 0.771	(0.0786)	 MVACut: 0.630
E [0.00,1.70] TeV, Ze [0.00,25.0] deg (bin 12):	 0.852	(0.147)	 MVACut: 0.440
E [0.00,1.70] TeV, Ze [25.0,32.5] deg (bin 13):	 0.854	(0.118)	 MVACut: 0.340
E [0.00,1.70] TeV, Ze [32.5,42.5] deg (bin 14):	 0.856	(0.126)	 MVACut: 0.460
E [0.00,1.70] TeV, Ze [42.5,75.0] deg (bin 15):	 0.855	(0.129)	 MVACut: 0.490


======================= VTMVAEvaluator: energy dependent optimal containment radius cut =======================
E [-1.10,-0.500] TeV, Ze [0.00,25.0] deg (bin 0):	 -99.0 [deg], T^2: 9.80e+03 [deg^2], -99.0%
E [-1.10,-0.500] TeV, Ze [25.0,32.5] deg (bin 1):	 -99.0 [deg], T^2: 9.80e+03 [deg^2], -99.0%
E [-1.10,-0.500] TeV, Ze [32.5,42.5] deg (bin 2):	 -99.0 [deg], T^2: 9.80e+03 [deg^2], -99.0%
E [-1.10,-0.500] TeV, Ze [42.5,75.0] deg (bin 3):	 -99.0 [deg], T^2: 9.80e+03 [deg^2], -99.0%
E [-0.500,-0.300] TeV, Ze [0.00,25.0] deg (bin 4):	 -99.0 [deg], T^2: 9.80e+03 [deg^2], -99.0%
E [-0.500,-0.300] TeV, Ze [25.0,32.5] deg (bin 5):	 -99.0 [deg], T^2: 9.80e+03 [deg^2], -99.0%
E [-0.500,-0.300] TeV, Ze [32.5,42.5] deg (bin 6):	 -99.0 [deg], T^2: 9.80e+03 [deg^2], -99.0%
E [-0.500,-0.300] TeV, Ze [42.5,75.0] deg (bin 7):	 -99.0 [deg], T^2: 9.80e+03 [deg^2], -99.0%
E [-0.300,0.00] TeV, Ze [0.00,25.0] deg (bin 8):	 -99.0 [deg], T^2: 9.80e+03 [deg^2], -99.0%
E [-0.300,0.00] TeV, Ze [25.0,32.5] deg (bin 9):	 -99.0 [deg], T^2: 9.80e+03 [deg^2], -99.0%
E [-0.300,0.00] TeV, Ze [32.5,42.5] deg (bin 10):	 -99.0 [deg], T^2: 9.80e+03 [deg^2], -99.0%
E [-0.300,0.00] TeV, Ze [42.5,75.0] deg (bin 11):	 -99.0 [deg], T^2: 9.80e+03 [deg^2], -99.0%
E [0.00,1.70] TeV, Ze [0.00,25.0] deg (bin 12):	 -99.0 [deg], T^2: 9.80e+03 [deg^2], -99.0%
E [0.00,1.70] TeV, Ze [25.0,32.5] deg (bin 13):	 -99.0 [deg], T^2: 9.80e+03 [deg^2], -99.0%
E [0.00,1.70] TeV, Ze [32.5,42.5] deg (bin 14):	 -99.0 [deg], T^2: 9.80e+03 [deg^2], -99.0%
E [0.00,1.70] TeV, Ze [42.5,75.0] deg (bin 15):	 -99.0 [deg], T^2: 9.80e+03 [deg^2], -99.0%

VGammaHadronCuts::initTMVAEvaluator: found theta2_max graph from TMVA
-----------------------------------------------------------------------------------------
VGammaHadronCuts::printCutSummary() (ntel=4: T1234) 
Gamma/hadron cut selector: 42
Instrument epoch selected: V6
Direction cuts (cut selector 0)
Theta2 cut: Theta^2 [deg^2] < 0.008
Direction cut scale factor 1, minimum : 0 [deg] , maximum : 1e+10 [deg]
average core distance < 350 m (max distance to telescopes (mintel) 1e+10 m)
TMVA gamma/hadron separation with MVA method BDT
weight files: /lustre/fs23/group/veritas/Eventdisplay_AnalysisFiles/v487//GammaHadron_BDTs/V6/BDT (0,3) (0,3)

Fiducial area (camera) < 2 deg,  stereo reconstruction: 0 <= sChi2 <= 1e+30
Energy reconstruction: 0 <= EChi2 <= 1e+05, -99 < dE < 1e+12, 0 < Erec < 1e+10
SizeSecondMax: 200 < SizeSecondMax < 1e+30, 0 < Emission height < 1e+10
NImage cut: 0 <= Ntel <= 100000
Tel-combinations: 0: 0, 1: 0, 2: 0, 3: 1, 4: 0, 5: 1, 6: 0, 7: 1, 8: 0, 9: 0, 10: 1, 11: 1, 12: 1, 13: 1, 14: 1, 15: 1
Energy dependent cut variable TMVABoxCut_Theta2_max: 
[0,>0] 
-----------------------------------------------------------------------------------------
	 reading dead time histograms from file /lustre/fs23/group/veritas/users/batista/VERITAS/analysis/Results/v486/95127.mscw.root:/deadTimeHistograms
	 reading effective areas from /lustre/fs23/group/veritas/Eventdisplay_AnalysisFiles/v487//EffectiveAreas/effArea-v487-auxv01-CARE_June2020-Cut-NTel2-PointSource-Soft-TMVA-BDT-GEO-V6_2019_2020w-ATM61-T1234.root
	 selecting effective areas for mean az 88.8 deg, spectral index 3.13, noise level 5.6
		total number of curves: 302940, total number of bins on energy axis: 60
		 number of az bin: 16
	 use histograms for effective areas (number of zenith angle intervals: 9; 0, 20, 30, 35, 40, 45, 50, 55, 60)
	 (effective area vs reconstructed energy)
	 number of entries for this run: 286441
	 filling OFF events... (correlated maps)
	 initialize REFLECTED REGION MODEL for run 95127
	 total number of acceptance curves: 1 (found in /lustre/fs23/group/veritas/Eventdisplay_AnalysisFiles/v487//RadialAcceptances//radialAcceptance-v487-auxv01-CARE_June2020-Cut-NTel2-Soft-TMVA-BDT-GEO-V6-T1234.root, calculated from 57 files)
		 ....reflected regions initialized
	 filling OFF events... (uncorrelated maps)
	 initialize REFLECTED REGION MODEL for run 95127 (uncorrelated plots)
	 total number of acceptance curves: 1 (found in /lustre/fs23/group/veritas/Eventdisplay_AnalysisFiles/v487//RadialAcceptances//radialAcceptance-v487-auxv01-CARE_June2020-Cut-NTel2-Soft-TMVA-BDT-GEO-V6-T1234.root, calculated from 57 files)
		 ....reflected regions initialized
	 Tdiff: dead time [ms] 0.278, fraction of missing events: 12% (0, 6.86e+05)
	 Scalar: dead time (fraction of missing events): 13.3% (Chi2 = 6.95e+03)

	 Time mask for run: 95127
	 Run (1801 secs) | Interval (100 secs)	|     0 |     1 |     2 |     3 |     4 |     5 |     6 |     7 |     8 |     9 |    10 |    11 |    12 |    13 |    14 |    15 |    16 |    17 |    18 (1 sec)
	          286440 | Total Events		| 15902 | 15571 | 15765 | 15635 | 15420 | 15773 | 15705 | 16033 | 15766 | 15803 | 15952 | 15958 | 16072 | 15852 | 16447 | 16366 | 16361 | 16001 |    58

	 Mean times from time mask for run (start on MJD):	 95127	 (4.05e+04 secs on 58849)
	 Mean of run:			  900.5	 (41411)
	 Mean of events:		906.605	 (41417.1)

Mean properties for this pair: ON=95127, OFF=95127 -----------------------------
	 Exposure ON=1.8e+03 secs (30 min)  OFF=1.8e+03 secs (30 min),	 Az range ON [85.6,92.1], OFF [85.6,92.1]
	 mean elevation: 69.7 (ON), 69.9 (OFF)
	 mean azimuth: 88.8 (ON), 88.8 (OFF)
	 trigger rate : 159 Hz (ON), 159 Hz (Off)
	 Maximum in CORRELATED maps: 
	 9.941 (On: 79, Off: 93, Alpha: 0.1667, Off/Alpha: 15.5) at (x=0.04, y=-0.03)
	 Maximum in UNCORRELATED maps: 
	 5.947 (On: 15, Off: 110, Alpha: 0.01658, Off/Alpha: 1.824) at (x=0.05, y=-0.05)

	 ---------------------------- 
	 RESULTS FOR SOURCE POSITION: 
	 ---------------------------- 
	 ON:76  OFF:18 (off 108, alpha=0.1667)
	 8.921 Sigma  1.932+/-0.2961 gammas/min
	 background rate: 0.5997 CR/min

---------------------------------------

---------------------------------------
Stereo analysis for all runs:
	 Exposure ON=1801 secs (30.02 min)  OFF=1801 secs (30.02 min),	 Az range ON [0,0], OFF [0,0]
	 mean elevation: 69.69 (ON), 69.95 (OFF)
	 trigger rate : 159 Hz (ON), 159 Hz (Off)
	 mean pedvars: 5.599 (ON), 5.599 (OFF)
	 Maximum in CORRELATED maps: 
	 9.941 (On: 79, Off: 93, Alpha: 0.1667, Off/Alpha: 15.5) at (x=0.04, y=-0.03)
	 Maximum in UNCORRELATED maps: 
	 5.947 (On: 15, Off: 110, Alpha: 0.01658, Off/Alpha: 1.824) at (x=0.05, y=-0.05)

	 ---------------------------- 
	 RESULTS FOR SOURCE POSITION: 
	 ---------------------------- 
	 ON:76  OFF:18 (off 108, alpha=0.1667)
	 8.921 Sigma  1.932+/-0.2961 gammas/min
	 background rate: 0.5997 CR/min

---------------------------------------


RUN SUMMARY: 

RUN 95127 (+0.5N,-0.0W)  at 69,  88 deg El., Az, 30.02 min, Non:   76, Noff: 18.00 ( 108, norm 0.167),   8.9 sigma, Rates:   1.932 +/-   0.296 gamma/min (background:   0.600 events/min)

-----------------------------------------------------------------------------(6)
ALL RUNS (1 runs) at 69,  67 deg El., Az, 30.02 min, Non:   76, Noff: 18.00 ( 108, norm 0.167),   8.9 sigma, Rates:   1.932 +/-   0.296 gamma/min (background:   0.600 events/min)

analysis results written to /lustre/fs23/group/veritas/users/batista//VERITAS/BlazarVariability/1ES1218/ANASUM//95127.anasum.root
